TN:
SF:/Users/hotoo/workbench/hotoo/apassword/index.js
FN:10,(anonymous_1)
FN:23,(anonymous_2)
FN:34,(anonymous_3)
FN:38,(anonymous_4)
FN:50,(anonymous_5)
FN:53,(anonymous_6)
FN:67,(anonymous_7)
FN:76,(anonymous_8)
FN:84,(anonymous_9)
FN:89,(anonymous_10)
FN:97,(anonymous_11)
FN:101,(anonymous_12)
FN:109,focusInput
FN:110,(anonymous_14)
FN:119,repeat
FNF:15
FNH:0
FNDA:0,(anonymous_1)
FNDA:0,(anonymous_2)
FNDA:0,(anonymous_3)
FNDA:0,(anonymous_4)
FNDA:0,(anonymous_5)
FNDA:0,(anonymous_6)
FNDA:0,(anonymous_7)
FNDA:0,(anonymous_8)
FNDA:0,(anonymous_9)
FNDA:0,(anonymous_10)
FNDA:0,(anonymous_11)
FNDA:0,(anonymous_12)
FNDA:0,focusInput
FNDA:0,(anonymous_14)
FNDA:0,repeat
DA:2,1
DA:3,1
DA:5,1
DA:10,1
DA:11,0
DA:13,0
DA:15,0
DA:17,0
DA:21,1
DA:24,0
DA:26,0
DA:27,0
DA:32,0
DA:34,0
DA:36,0
DA:38,0
DA:39,0
DA:44,0
DA:46,0
DA:47,0
DA:51,0
DA:52,0
DA:54,0
DA:55,0
DA:58,0
DA:60,0
DA:68,0
DA:69,0
DA:77,0
DA:78,0
DA:85,0
DA:90,0
DA:91,0
DA:94,0
DA:98,0
DA:99,0
DA:102,0
DA:103,0
DA:109,1
DA:110,0
DA:111,0
DA:112,0
DA:113,0
DA:114,0
DA:119,1
DA:120,0
DA:123,1
LF:47
LH:8
BRDA:13,1,0,0
BRDA:13,1,1,0
BRDA:26,2,0,0
BRDA:26,2,1,0
BRDA:40,3,0,0
BRDA:40,3,1,0
BRDA:46,4,0,0
BRDA:46,4,1,0
BRF:8
BRH:0
end_of_record
