TN:
SF:/Users/hotoo/workbench/hotoo/apassword/index.js
FN:10,(anonymous_1)
FN:23,(anonymous_2)
FN:36,(anonymous_3)
FN:49,(anonymous_4)
FN:61,(anonymous_5)
FN:64,(anonymous_6)
FN:78,(anonymous_7)
FN:87,(anonymous_8)
FN:95,(anonymous_9)
FN:100,(anonymous_10)
FN:108,(anonymous_11)
FN:112,(anonymous_12)
FN:120,focusInput
FN:121,(anonymous_14)
FN:130,repeat
FNF:15
FNH:0
FNDA:0,(anonymous_1)
FNDA:0,(anonymous_2)
FNDA:0,(anonymous_3)
FNDA:0,(anonymous_4)
FNDA:0,(anonymous_5)
FNDA:0,(anonymous_6)
FNDA:0,(anonymous_7)
FNDA:0,(anonymous_8)
FNDA:0,(anonymous_9)
FNDA:0,(anonymous_10)
FNDA:0,(anonymous_11)
FNDA:0,(anonymous_12)
FNDA:0,focusInput
FNDA:0,(anonymous_14)
FNDA:0,repeat
DA:2,1
DA:3,1
DA:5,1
DA:10,1
DA:11,0
DA:13,0
DA:15,0
DA:17,0
DA:21,1
DA:24,0
DA:26,0
DA:27,0
DA:32,0
DA:34,0
DA:36,0
DA:38,0
DA:39,0
DA:44,0
DA:45,0
DA:47,0
DA:49,0
DA:50,0
DA:55,0
DA:57,0
DA:58,0
DA:62,0
DA:63,0
DA:65,0
DA:66,0
DA:69,0
DA:71,0
DA:79,0
DA:80,0
DA:88,0
DA:89,0
DA:96,0
DA:101,0
DA:102,0
DA:105,0
DA:109,0
DA:110,0
DA:113,0
DA:114,0
DA:120,1
DA:121,0
DA:122,0
DA:123,0
DA:124,0
DA:125,0
DA:130,1
DA:131,0
DA:134,1
LF:52
LH:8
BRDA:13,1,0,0
BRDA:13,1,1,0
BRDA:26,2,0,0
BRDA:26,2,1,0
BRDA:44,3,0,0
BRDA:44,3,1,0
BRDA:51,4,0,0
BRDA:51,4,1,0
BRDA:57,5,0,0
BRDA:57,5,1,0
BRF:10
BRH:0
end_of_record
